<?xml version="1.0" encoding="UTF-8"?>
<testsuite xmlns:xsi="http://www.w3.org/2001/XMLSchema-instance" xsi:noNamespaceSchemaLocation="https://maven.apache.org/surefire/maven-surefire-plugin/xsd/surefire-test-report-3.0.xsd" version="3.0" name="org.chicchoice.vetementservice.services.impl.EnsembleServiceTest" time="2.474" tests="12" errors="0" skipped="0" failures="0">
  <properties>
    <property name="java.specification.version" value="17"/>
    <property name="sun.jnu.encoding" value="UTF-8"/>
    <property name="java.class.path" value="/Users/kawtarmahy/Desktop/gc/FileRougeProject/chic-choice/VetementService/target/test-classes:/Users/kawtarmahy/Desktop/gc/FileRougeProject/chic-choice/VetementService/target/classes:/Users/kawtarmahy/.m2/repository/junit/junit/3.8.1/junit-3.8.1.jar:/Users/kawtarmahy/.m2/repository/org/springframework/boot/spring-boot-starter-data-jpa/3.1.1/spring-boot-starter-data-jpa-3.1.1.jar:/Users/kawtarmahy/.m2/repository/org/springframework/boot/spring-boot-starter-aop/3.1.1/spring-boot-starter-aop-3.1.1.jar:/Users/kawtarmahy/.m2/repository/org/springframework/spring-aop/6.0.10/spring-aop-6.0.10.jar:/Users/kawtarmahy/.m2/repository/org/aspectj/aspectjweaver/1.9.19/aspectjweaver-1.9.19.jar:/Users/kawtarmahy/.m2/repository/org/springframework/boot/spring-boot-starter-jdbc/3.1.1/spring-boot-starter-jdbc-3.1.1.jar:/Users/kawtarmahy/.m2/repository/com/zaxxer/HikariCP/5.0.1/HikariCP-5.0.1.jar:/Users/kawtarmahy/.m2/repository/org/springframework/spring-jdbc/6.0.10/spring-jdbc-6.0.10.jar:/Users/kawtarmahy/.m2/repository/org/hibernate/orm/hibernate-core/6.2.5.Final/hibernate-core-6.2.5.Final.jar:/Users/kawtarmahy/.m2/repository/jakarta/persistence/jakarta.persistence-api/3.1.0/jakarta.persistence-api-3.1.0.jar:/Users/kawtarmahy/.m2/repository/jakarta/transaction/jakarta.transaction-api/2.0.1/jakarta.transaction-api-2.0.1.jar:/Users/kawtarmahy/.m2/repository/org/jboss/logging/jboss-logging/3.5.1.Final/jboss-logging-3.5.1.Final.jar:/Users/kawtarmahy/.m2/repository/org/hibernate/common/hibernate-commons-annotations/6.0.6.Final/hibernate-commons-annotations-6.0.6.Final.jar:/Users/kawtarmahy/.m2/repository/io/smallrye/jandex/3.0.5/jandex-3.0.5.jar:/Users/kawtarmahy/.m2/repository/com/fasterxml/classmate/1.5.1/classmate-1.5.1.jar:/Users/kawtarmahy/.m2/repository/net/bytebuddy/byte-buddy/1.14.5/byte-buddy-1.14.5.jar:/Users/kawtarmahy/.m2/repository/org/glassfish/jaxb/jaxb-runtime/4.0.3/jaxb-runtime-4.0.3.jar:/Users/kawtarmahy/.m2/repository/org/glassfish/jaxb/jaxb-core/4.0.3/jaxb-core-4.0.3.jar:/Users/kawtarmahy/.m2/repository/org/eclipse/angus/angus-activation/2.0.1/angus-activation-2.0.1.jar:/Users/kawtarmahy/.m2/repository/org/glassfish/jaxb/txw2/4.0.3/txw2-4.0.3.jar:/Users/kawtarmahy/.m2/repository/com/sun/istack/istack-commons-runtime/4.1.2/istack-commons-runtime-4.1.2.jar:/Users/kawtarmahy/.m2/repository/jakarta/inject/jakarta.inject-api/2.0.1/jakarta.inject-api-2.0.1.jar:/Users/kawtarmahy/.m2/repository/org/antlr/antlr4-runtime/4.10.1/antlr4-runtime-4.10.1.jar:/Users/kawtarmahy/.m2/repository/org/springframework/data/spring-data-jpa/3.1.1/spring-data-jpa-3.1.1.jar:/Users/kawtarmahy/.m2/repository/org/springframework/data/spring-data-commons/3.1.1/spring-data-commons-3.1.1.jar:/Users/kawtarmahy/.m2/repository/org/springframework/spring-orm/6.0.10/spring-orm-6.0.10.jar:/Users/kawtarmahy/.m2/repository/org/springframework/spring-context/6.0.10/spring-context-6.0.10.jar:/Users/kawtarmahy/.m2/repository/org/springframework/spring-tx/6.0.10/spring-tx-6.0.10.jar:/Users/kawtarmahy/.m2/repository/org/springframework/spring-beans/6.0.10/spring-beans-6.0.10.jar:/Users/kawtarmahy/.m2/repository/jakarta/annotation/jakarta.annotation-api/2.1.1/jakarta.annotation-api-2.1.1.jar:/Users/kawtarmahy/.m2/repository/org/slf4j/slf4j-api/2.0.7/slf4j-api-2.0.7.jar:/Users/kawtarmahy/.m2/repository/org/springframework/spring-aspects/6.0.10/spring-aspects-6.0.10.jar:/Users/kawtarmahy/.m2/repository/org/mapstruct/mapstruct/1.5.5.Final/mapstruct-1.5.5.Final.jar:/Users/kawtarmahy/.m2/repository/org/postgresql/postgresql/42.6.0/postgresql-42.6.0.jar:/Users/kawtarmahy/.m2/repository/org/checkerframework/checker-qual/3.31.0/checker-qual-3.31.0.jar:/Users/kawtarmahy/.m2/repository/io/github/wimdeblauwe/error-handling-spring-boot-starter/4.2.0/error-handling-spring-boot-starter-4.2.0.jar:/Users/kawtarmahy/.m2/repository/org/springframework/boot/spring-boot-starter/3.1.1/spring-boot-starter-3.1.1.jar:/Users/kawtarmahy/.m2/repository/org/springframework/boot/spring-boot/3.1.1/spring-boot-3.1.1.jar:/Users/kawtarmahy/.m2/repository/org/springframework/boot/spring-boot-autoconfigure/3.1.1/spring-boot-autoconfigure-3.1.1.jar:/Users/kawtarmahy/.m2/repository/org/springframework/boot/spring-boot-starter-logging/3.1.1/spring-boot-starter-logging-3.1.1.jar:/Users/kawtarmahy/.m2/repository/ch/qos/logback/logback-classic/1.4.8/logback-classic-1.4.8.jar:/Users/kawtarmahy/.m2/repository/ch/qos/logback/logback-core/1.4.8/logback-core-1.4.8.jar:/Users/kawtarmahy/.m2/repository/org/apache/logging/log4j/log4j-to-slf4j/2.20.0/log4j-to-slf4j-2.20.0.jar:/Users/kawtarmahy/.m2/repository/org/apache/logging/log4j/log4j-api/2.20.0/log4j-api-2.20.0.jar:/Users/kawtarmahy/.m2/repository/org/slf4j/jul-to-slf4j/2.0.7/jul-to-slf4j-2.0.7.jar:/Users/kawtarmahy/.m2/repository/org/yaml/snakeyaml/1.33/snakeyaml-1.33.jar:/Users/kawtarmahy/.m2/repository/org/springframework/cloud/spring-cloud-starter-config/4.0.3/spring-cloud-starter-config-4.0.3.jar:/Users/kawtarmahy/.m2/repository/org/springframework/cloud/spring-cloud-starter/4.0.3/spring-cloud-starter-4.0.3.jar:/Users/kawtarmahy/.m2/repository/org/springframework/cloud/spring-cloud-context/4.0.3/spring-cloud-context-4.0.3.jar:/Users/kawtarmahy/.m2/repository/org/springframework/security/spring-security-rsa/1.0.11.RELEASE/spring-security-rsa-1.0.11.RELEASE.jar:/Users/kawtarmahy/.m2/repository/org/bouncycastle/bcpkix-jdk15on/1.69/bcpkix-jdk15on-1.69.jar:/Users/kawtarmahy/.m2/repository/org/bouncycastle/bcprov-jdk15on/1.69/bcprov-jdk15on-1.69.jar:/Users/kawtarmahy/.m2/repository/org/bouncycastle/bcutil-jdk15on/1.69/bcutil-jdk15on-1.69.jar:/Users/kawtarmahy/.m2/repository/org/springframework/cloud/spring-cloud-config-client/4.0.3/spring-cloud-config-client-4.0.3.jar:/Users/kawtarmahy/.m2/repository/com/fasterxml/jackson/core/jackson-annotations/2.15.2/jackson-annotations-2.15.2.jar:/Users/kawtarmahy/.m2/repository/org/apache/httpcomponents/client5/httpclient5/5.2.1/httpclient5-5.2.1.jar:/Users/kawtarmahy/.m2/repository/org/apache/httpcomponents/core5/httpcore5/5.2.2/httpcore5-5.2.2.jar:/Users/kawtarmahy/.m2/repository/org/apache/httpcomponents/core5/httpcore5-h2/5.2.2/httpcore5-h2-5.2.2.jar:/Users/kawtarmahy/.m2/repository/com/fasterxml/jackson/core/jackson-databind/2.15.2/jackson-databind-2.15.2.jar:/Users/kawtarmahy/.m2/repository/com/fasterxml/jackson/core/jackson-core/2.15.2/jackson-core-2.15.2.jar:/Users/kawtarmahy/.m2/repository/org/springframework/cloud/spring-cloud-starter-netflix-eureka-client/4.0.2/spring-cloud-starter-netflix-eureka-client-4.0.2.jar:/Users/kawtarmahy/.m2/repository/org/springframework/cloud/spring-cloud-netflix-eureka-client/4.0.2/spring-cloud-netflix-eureka-client-4.0.2.jar:/Users/kawtarmahy/.m2/repository/com/netflix/eureka/eureka-client/2.0.0/eureka-client-2.0.0.jar:/Users/kawtarmahy/.m2/repository/com/netflix/netflix-commons/netflix-eventbus/0.3.0/netflix-eventbus-0.3.0.jar:/Users/kawtarmahy/.m2/repository/com/netflix/netflix-commons/netflix-infix/0.3.0/netflix-infix-0.3.0.jar:/Users/kawtarmahy/.m2/repository/commons-jxpath/commons-jxpath/1.3/commons-jxpath-1.3.jar:/Users/kawtarmahy/.m2/repository/joda-time/joda-time/2.3/joda-time-2.3.jar:/Users/kawtarmahy/.m2/repository/org/antlr/antlr-runtime/3.4/antlr-runtime-3.4.jar:/Users/kawtarmahy/.m2/repository/org/antlr/stringtemplate/3.2.1/stringtemplate-3.2.1.jar:/Users/kawtarmahy/.m2/repository/antlr/antlr/2.7.7/antlr-2.7.7.jar:/Users/kawtarmahy/.m2/repository/com/google/code/gson/gson/2.10.1/gson-2.10.1.jar:/Users/kawtarmahy/.m2/repository/org/apache/commons/commons-math/2.2/commons-math-2.2.jar:/Users/kawtarmahy/.m2/repository/com/thoughtworks/xstream/xstream/1.4.19/xstream-1.4.19.jar:/Users/kawtarmahy/.m2/repository/io/github/x-stream/mxparser/1.2.2/mxparser-1.2.2.jar:/Users/kawtarmahy/.m2/repository/xmlpull/xmlpull/1.1.3.1/xmlpull-1.1.3.1.jar:/Users/kawtarmahy/.m2/repository/jakarta/ws/rs/jakarta.ws.rs-api/3.1.0/jakarta.ws.rs-api-3.1.0.jar:/Users/kawtarmahy/.m2/repository/com/netflix/servo/servo-core/0.12.21/servo-core-0.12.21.jar:/Users/kawtarmahy/.m2/repository/com/google/guava/guava/19.0/guava-19.0.jar:/Users/kawtarmahy/.m2/repository/org/apache/httpcomponents/httpclient/4.5.3/httpclient-4.5.3.jar:/Users/kawtarmahy/.m2/repository/org/apache/httpcomponents/httpcore/4.4.16/httpcore-4.4.16.jar:/Users/kawtarmahy/.m2/repository/commons-codec/commons-codec/1.15/commons-codec-1.15.jar:/Users/kawtarmahy/.m2/repository/commons-configuration/commons-configuration/1.10/commons-configuration-1.10.jar:/Users/kawtarmahy/.m2/repository/commons-lang/commons-lang/2.6/commons-lang-2.6.jar:/Users/kawtarmahy/.m2/repository/org/codehaus/jettison/jettison/1.4.0/jettison-1.4.0.jar:/Users/kawtarmahy/.m2/repository/com/netflix/eureka/eureka-core/2.0.0/eureka-core-2.0.0.jar:/Users/kawtarmahy/.m2/repository/jakarta/servlet/jakarta.servlet-api/6.0.0/jakarta.servlet-api-6.0.0.jar:/Users/kawtarmahy/.m2/repository/com/fasterxml/woodstox/woodstox-core/6.2.1/woodstox-core-6.2.1.jar:/Users/kawtarmahy/.m2/repository/org/codehaus/woodstox/stax2-api/4.2.1/stax2-api-4.2.1.jar:/Users/kawtarmahy/.m2/repository/org/springframework/cloud/spring-cloud-starter-loadbalancer/4.0.3/spring-cloud-starter-loadbalancer-4.0.3.jar:/Users/kawtarmahy/.m2/repository/org/springframework/cloud/spring-cloud-loadbalancer/4.0.3/spring-cloud-loadbalancer-4.0.3.jar:/Users/kawtarmahy/.m2/repository/io/projectreactor/reactor-core/3.5.7/reactor-core-3.5.7.jar:/Users/kawtarmahy/.m2/repository/org/reactivestreams/reactive-streams/1.0.4/reactive-streams-1.0.4.jar:/Users/kawtarmahy/.m2/repository/io/projectreactor/addons/reactor-extra/3.5.1/reactor-extra-3.5.1.jar:/Users/kawtarmahy/.m2/repository/org/springframework/boot/spring-boot-starter-cache/3.1.1/spring-boot-starter-cache-3.1.1.jar:/Users/kawtarmahy/.m2/repository/org/springframework/spring-context-support/6.0.10/spring-context-support-6.0.10.jar:/Users/kawtarmahy/.m2/repository/com/stoyanr/evictor/1.0.0/evictor-1.0.0.jar:/Users/kawtarmahy/.m2/repository/org/springdoc/springdoc-openapi-starter-webmvc-ui/2.0.2/springdoc-openapi-starter-webmvc-ui-2.0.2.jar:/Users/kawtarmahy/.m2/repository/org/springdoc/springdoc-openapi-starter-webmvc-api/2.0.2/springdoc-openapi-starter-webmvc-api-2.0.2.jar:/Users/kawtarmahy/.m2/repository/org/springdoc/springdoc-openapi-starter-common/2.0.2/springdoc-openapi-starter-common-2.0.2.jar:/Users/kawtarmahy/.m2/repository/io/swagger/core/v3/swagger-core-jakarta/2.2.7/swagger-core-jakarta-2.2.7.jar:/Users/kawtarmahy/.m2/repository/org/apache/commons/commons-lang3/3.12.0/commons-lang3-3.12.0.jar:/Users/kawtarmahy/.m2/repository/io/swagger/core/v3/swagger-annotations-jakarta/2.2.7/swagger-annotations-jakarta-2.2.7.jar:/Users/kawtarmahy/.m2/repository/io/swagger/core/v3/swagger-models-jakarta/2.2.7/swagger-models-jakarta-2.2.7.jar:/Users/kawtarmahy/.m2/repository/com/fasterxml/jackson/dataformat/jackson-dataformat-yaml/2.15.2/jackson-dataformat-yaml-2.15.2.jar:/Users/kawtarmahy/.m2/repository/org/webjars/swagger-ui/4.15.5/swagger-ui-4.15.5.jar:/Users/kawtarmahy/.m2/repository/org/webjars/webjars-locator-core/0.52/webjars-locator-core-0.52.jar:/Users/kawtarmahy/.m2/repository/io/github/classgraph/classgraph/4.8.149/classgraph-4.8.149.jar:/Users/kawtarmahy/.m2/repository/com/simplon/FeignClient/1.0-SNAPSHOT/FeignClient-1.0-SNAPSHOT.jar:/Users/kawtarmahy/.m2/repository/org/projectlombok/lombok/1.18.28/lombok-1.18.28.jar:/Users/kawtarmahy/.m2/repository/org/springframework/boot/spring-boot-starter-test/3.1.1/spring-boot-starter-test-3.1.1.jar:/Users/kawtarmahy/.m2/repository/org/springframework/boot/spring-boot-test/3.1.1/spring-boot-test-3.1.1.jar:/Users/kawtarmahy/.m2/repository/org/springframework/boot/spring-boot-test-autoconfigure/3.1.1/spring-boot-test-autoconfigure-3.1.1.jar:/Users/kawtarmahy/.m2/repository/com/jayway/jsonpath/json-path/2.8.0/json-path-2.8.0.jar:/Users/kawtarmahy/.m2/repository/jakarta/xml/bind/jakarta.xml.bind-api/4.0.0/jakarta.xml.bind-api-4.0.0.jar:/Users/kawtarmahy/.m2/repository/jakarta/activation/jakarta.activation-api/2.1.2/jakarta.activation-api-2.1.2.jar:/Users/kawtarmahy/.m2/repository/net/minidev/json-smart/2.4.11/json-smart-2.4.11.jar:/Users/kawtarmahy/.m2/repository/net/minidev/accessors-smart/2.4.11/accessors-smart-2.4.11.jar:/Users/kawtarmahy/.m2/repository/org/ow2/asm/asm/9.3/asm-9.3.jar:/Users/kawtarmahy/.m2/repository/org/assertj/assertj-core/3.24.2/assertj-core-3.24.2.jar:/Users/kawtarmahy/.m2/repository/org/hamcrest/hamcrest/2.2/hamcrest-2.2.jar:/Users/kawtarmahy/.m2/repository/org/junit/jupiter/junit-jupiter/5.9.3/junit-jupiter-5.9.3.jar:/Users/kawtarmahy/.m2/repository/org/junit/jupiter/junit-jupiter-api/5.9.3/junit-jupiter-api-5.9.3.jar:/Users/kawtarmahy/.m2/repository/org/opentest4j/opentest4j/1.2.0/opentest4j-1.2.0.jar:/Users/kawtarmahy/.m2/repository/org/junit/platform/junit-platform-commons/1.9.3/junit-platform-commons-1.9.3.jar:/Users/kawtarmahy/.m2/repository/org/apiguardian/apiguardian-api/1.1.2/apiguardian-api-1.1.2.jar:/Users/kawtarmahy/.m2/repository/org/junit/jupiter/junit-jupiter-params/5.9.3/junit-jupiter-params-5.9.3.jar:/Users/kawtarmahy/.m2/repository/org/junit/jupiter/junit-jupiter-engine/5.9.3/junit-jupiter-engine-5.9.3.jar:/Users/kawtarmahy/.m2/repository/org/junit/platform/junit-platform-engine/1.9.3/junit-platform-engine-1.9.3.jar:/Users/kawtarmahy/.m2/repository/org/mockito/mockito-core/4.8.1/mockito-core-4.8.1.jar:/Users/kawtarmahy/.m2/repository/net/bytebuddy/byte-buddy-agent/1.14.5/byte-buddy-agent-1.14.5.jar:/Users/kawtarmahy/.m2/repository/org/objenesis/objenesis/3.2/objenesis-3.2.jar:/Users/kawtarmahy/.m2/repository/org/mockito/mockito-junit-jupiter/4.8.1/mockito-junit-jupiter-4.8.1.jar:/Users/kawtarmahy/.m2/repository/org/skyscreamer/jsonassert/1.5.1/jsonassert-1.5.1.jar:/Users/kawtarmahy/.m2/repository/com/vaadin/external/google/android-json/0.0.20131108.vaadin1/android-json-0.0.20131108.vaadin1.jar:/Users/kawtarmahy/.m2/repository/org/springframework/spring-core/6.0.10/spring-core-6.0.10.jar:/Users/kawtarmahy/.m2/repository/org/springframework/spring-jcl/6.0.10/spring-jcl-6.0.10.jar:/Users/kawtarmahy/.m2/repository/org/springframework/spring-test/6.0.10/spring-test-6.0.10.jar:/Users/kawtarmahy/.m2/repository/org/xmlunit/xmlunit-core/2.9.1/xmlunit-core-2.9.1.jar:/Users/kawtarmahy/.m2/repository/org/springframework/boot/spring-boot-starter-web/3.1.1/spring-boot-starter-web-3.1.1.jar:/Users/kawtarmahy/.m2/repository/org/springframework/boot/spring-boot-starter-json/3.1.1/spring-boot-starter-json-3.1.1.jar:/Users/kawtarmahy/.m2/repository/com/fasterxml/jackson/datatype/jackson-datatype-jdk8/2.15.2/jackson-datatype-jdk8-2.15.2.jar:/Users/kawtarmahy/.m2/repository/com/fasterxml/jackson/datatype/jackson-datatype-jsr310/2.15.2/jackson-datatype-jsr310-2.15.2.jar:/Users/kawtarmahy/.m2/repository/com/fasterxml/jackson/module/jackson-module-parameter-names/2.15.2/jackson-module-parameter-names-2.15.2.jar:/Users/kawtarmahy/.m2/repository/org/springframework/boot/spring-boot-starter-tomcat/3.1.1/spring-boot-starter-tomcat-3.1.1.jar:/Users/kawtarmahy/.m2/repository/org/apache/tomcat/embed/tomcat-embed-core/10.1.10/tomcat-embed-core-10.1.10.jar:/Users/kawtarmahy/.m2/repository/org/apache/tomcat/embed/tomcat-embed-websocket/10.1.10/tomcat-embed-websocket-10.1.10.jar:/Users/kawtarmahy/.m2/repository/org/springframework/spring-web/6.0.10/spring-web-6.0.10.jar:/Users/kawtarmahy/.m2/repository/io/micrometer/micrometer-observation/1.11.1/micrometer-observation-1.11.1.jar:/Users/kawtarmahy/.m2/repository/io/micrometer/micrometer-commons/1.11.1/micrometer-commons-1.11.1.jar:/Users/kawtarmahy/.m2/repository/org/springframework/spring-webmvc/6.0.10/spring-webmvc-6.0.10.jar:/Users/kawtarmahy/.m2/repository/org/springframework/spring-expression/6.0.10/spring-expression-6.0.10.jar:/Users/kawtarmahy/.m2/repository/org/springframework/boot/spring-boot-starter-validation/3.1.1/spring-boot-starter-validation-3.1.1.jar:/Users/kawtarmahy/.m2/repository/org/apache/tomcat/embed/tomcat-embed-el/10.1.10/tomcat-embed-el-10.1.10.jar:/Users/kawtarmahy/.m2/repository/org/hibernate/validator/hibernate-validator/8.0.0.Final/hibernate-validator-8.0.0.Final.jar:/Users/kawtarmahy/.m2/repository/jakarta/validation/jakarta.validation-api/3.0.2/jakarta.validation-api-3.0.2.jar:/Users/kawtarmahy/.m2/repository/org/springframework/cloud/spring-cloud-starter-openfeign/4.0.3/spring-cloud-starter-openfeign-4.0.3.jar:/Users/kawtarmahy/.m2/repository/org/springframework/cloud/spring-cloud-openfeign-core/4.0.3/spring-cloud-openfeign-core-4.0.3.jar:/Users/kawtarmahy/.m2/repository/io/github/openfeign/form/feign-form-spring/3.8.0/feign-form-spring-3.8.0.jar:/Users/kawtarmahy/.m2/repository/io/github/openfeign/form/feign-form/3.8.0/feign-form-3.8.0.jar:/Users/kawtarmahy/.m2/repository/commons-fileupload/commons-fileupload/1.4/commons-fileupload-1.4.jar:/Users/kawtarmahy/.m2/repository/org/springframework/cloud/spring-cloud-commons/4.0.3/spring-cloud-commons-4.0.3.jar:/Users/kawtarmahy/.m2/repository/org/springframework/security/spring-security-crypto/6.1.1/spring-security-crypto-6.1.1.jar:/Users/kawtarmahy/.m2/repository/io/github/openfeign/feign-core/12.3/feign-core-12.3.jar:/Users/kawtarmahy/.m2/repository/io/github/openfeign/feign-slf4j/12.3/feign-slf4j-12.3.jar:"/>
    <property name="java.vm.vendor" value="Amazon.com Inc."/>
    <property name="sun.arch.data.model" value="64"/>
    <property name="java.vendor.url" value="https://aws.amazon.com/corretto/"/>
    <property name="user.timezone" value="Africa/Casablanca"/>
    <property name="os.name" value="Mac OS X"/>
    <property name="java.vm.specification.version" value="17"/>
    <property name="sun.java.launcher" value="SUN_STANDARD"/>
    <property name="user.country" value="MA"/>
    <property name="sun.boot.library.path" value="/Users/kawtarmahy/Library/Java/JavaVirtualMachines/corretto-17.0.10/Contents/Home/lib"/>
    <property name="sun.java.command" value="/Users/kawtarmahy/Desktop/gc/FileRougeProject/chic-choice/VetementService/target/surefire/surefirebooter-20240414030903859_3.jar /Users/kawtarmahy/Desktop/gc/FileRougeProject/chic-choice/VetementService/target/surefire 2024-04-14T03-09-03_591-jvmRun1 surefire-20240414030903859_1tmp surefire_0-20240414030903859_2tmp"/>
    <property name="http.nonProxyHosts" value="local|*.local|169.254/16|*.169.254/16"/>
    <property name="jdk.debug" value="release"/>
    <property name="surefire.test.class.path" value="/Users/kawtarmahy/Desktop/gc/FileRougeProject/chic-choice/VetementService/target/test-classes:/Users/kawtarmahy/Desktop/gc/FileRougeProject/chic-choice/VetementService/target/classes:/Users/kawtarmahy/.m2/repository/junit/junit/3.8.1/junit-3.8.1.jar:/Users/kawtarmahy/.m2/repository/org/springframework/boot/spring-boot-starter-data-jpa/3.1.1/spring-boot-starter-data-jpa-3.1.1.jar:/Users/kawtarmahy/.m2/repository/org/springframework/boot/spring-boot-starter-aop/3.1.1/spring-boot-starter-aop-3.1.1.jar:/Users/kawtarmahy/.m2/repository/org/springframework/spring-aop/6.0.10/spring-aop-6.0.10.jar:/Users/kawtarmahy/.m2/repository/org/aspectj/aspectjweaver/1.9.19/aspectjweaver-1.9.19.jar:/Users/kawtarmahy/.m2/repository/org/springframework/boot/spring-boot-starter-jdbc/3.1.1/spring-boot-starter-jdbc-3.1.1.jar:/Users/kawtarmahy/.m2/repository/com/zaxxer/HikariCP/5.0.1/HikariCP-5.0.1.jar:/Users/kawtarmahy/.m2/repository/org/springframework/spring-jdbc/6.0.10/spring-jdbc-6.0.10.jar:/Users/kawtarmahy/.m2/repository/org/hibernate/orm/hibernate-core/6.2.5.Final/hibernate-core-6.2.5.Final.jar:/Users/kawtarmahy/.m2/repository/jakarta/persistence/jakarta.persistence-api/3.1.0/jakarta.persistence-api-3.1.0.jar:/Users/kawtarmahy/.m2/repository/jakarta/transaction/jakarta.transaction-api/2.0.1/jakarta.transaction-api-2.0.1.jar:/Users/kawtarmahy/.m2/repository/org/jboss/logging/jboss-logging/3.5.1.Final/jboss-logging-3.5.1.Final.jar:/Users/kawtarmahy/.m2/repository/org/hibernate/common/hibernate-commons-annotations/6.0.6.Final/hibernate-commons-annotations-6.0.6.Final.jar:/Users/kawtarmahy/.m2/repository/io/smallrye/jandex/3.0.5/jandex-3.0.5.jar:/Users/kawtarmahy/.m2/repository/com/fasterxml/classmate/1.5.1/classmate-1.5.1.jar:/Users/kawtarmahy/.m2/repository/net/bytebuddy/byte-buddy/1.14.5/byte-buddy-1.14.5.jar:/Users/kawtarmahy/.m2/repository/org/glassfish/jaxb/jaxb-runtime/4.0.3/jaxb-runtime-4.0.3.jar:/Users/kawtarmahy/.m2/repository/org/glassfish/jaxb/jaxb-core/4.0.3/jaxb-core-4.0.3.jar:/Users/kawtarmahy/.m2/repository/org/eclipse/angus/angus-activation/2.0.1/angus-activation-2.0.1.jar:/Users/kawtarmahy/.m2/repository/org/glassfish/jaxb/txw2/4.0.3/txw2-4.0.3.jar:/Users/kawtarmahy/.m2/repository/com/sun/istack/istack-commons-runtime/4.1.2/istack-commons-runtime-4.1.2.jar:/Users/kawtarmahy/.m2/repository/jakarta/inject/jakarta.inject-api/2.0.1/jakarta.inject-api-2.0.1.jar:/Users/kawtarmahy/.m2/repository/org/antlr/antlr4-runtime/4.10.1/antlr4-runtime-4.10.1.jar:/Users/kawtarmahy/.m2/repository/org/springframework/data/spring-data-jpa/3.1.1/spring-data-jpa-3.1.1.jar:/Users/kawtarmahy/.m2/repository/org/springframework/data/spring-data-commons/3.1.1/spring-data-commons-3.1.1.jar:/Users/kawtarmahy/.m2/repository/org/springframework/spring-orm/6.0.10/spring-orm-6.0.10.jar:/Users/kawtarmahy/.m2/repository/org/springframework/spring-context/6.0.10/spring-context-6.0.10.jar:/Users/kawtarmahy/.m2/repository/org/springframework/spring-tx/6.0.10/spring-tx-6.0.10.jar:/Users/kawtarmahy/.m2/repository/org/springframework/spring-beans/6.0.10/spring-beans-6.0.10.jar:/Users/kawtarmahy/.m2/repository/jakarta/annotation/jakarta.annotation-api/2.1.1/jakarta.annotation-api-2.1.1.jar:/Users/kawtarmahy/.m2/repository/org/slf4j/slf4j-api/2.0.7/slf4j-api-2.0.7.jar:/Users/kawtarmahy/.m2/repository/org/springframework/spring-aspects/6.0.10/spring-aspects-6.0.10.jar:/Users/kawtarmahy/.m2/repository/org/mapstruct/mapstruct/1.5.5.Final/mapstruct-1.5.5.Final.jar:/Users/kawtarmahy/.m2/repository/org/postgresql/postgresql/42.6.0/postgresql-42.6.0.jar:/Users/kawtarmahy/.m2/repository/org/checkerframework/checker-qual/3.31.0/checker-qual-3.31.0.jar:/Users/kawtarmahy/.m2/repository/io/github/wimdeblauwe/error-handling-spring-boot-starter/4.2.0/error-handling-spring-boot-starter-4.2.0.jar:/Users/kawtarmahy/.m2/repository/org/springframework/boot/spring-boot-starter/3.1.1/spring-boot-starter-3.1.1.jar:/Users/kawtarmahy/.m2/repository/org/springframework/boot/spring-boot/3.1.1/spring-boot-3.1.1.jar:/Users/kawtarmahy/.m2/repository/org/springframework/boot/spring-boot-autoconfigure/3.1.1/spring-boot-autoconfigure-3.1.1.jar:/Users/kawtarmahy/.m2/repository/org/springframework/boot/spring-boot-starter-logging/3.1.1/spring-boot-starter-logging-3.1.1.jar:/Users/kawtarmahy/.m2/repository/ch/qos/logback/logback-classic/1.4.8/logback-classic-1.4.8.jar:/Users/kawtarmahy/.m2/repository/ch/qos/logback/logback-core/1.4.8/logback-core-1.4.8.jar:/Users/kawtarmahy/.m2/repository/org/apache/logging/log4j/log4j-to-slf4j/2.20.0/log4j-to-slf4j-2.20.0.jar:/Users/kawtarmahy/.m2/repository/org/apache/logging/log4j/log4j-api/2.20.0/log4j-api-2.20.0.jar:/Users/kawtarmahy/.m2/repository/org/slf4j/jul-to-slf4j/2.0.7/jul-to-slf4j-2.0.7.jar:/Users/kawtarmahy/.m2/repository/org/yaml/snakeyaml/1.33/snakeyaml-1.33.jar:/Users/kawtarmahy/.m2/repository/org/springframework/cloud/spring-cloud-starter-config/4.0.3/spring-cloud-starter-config-4.0.3.jar:/Users/kawtarmahy/.m2/repository/org/springframework/cloud/spring-cloud-starter/4.0.3/spring-cloud-starter-4.0.3.jar:/Users/kawtarmahy/.m2/repository/org/springframework/cloud/spring-cloud-context/4.0.3/spring-cloud-context-4.0.3.jar:/Users/kawtarmahy/.m2/repository/org/springframework/security/spring-security-rsa/1.0.11.RELEASE/spring-security-rsa-1.0.11.RELEASE.jar:/Users/kawtarmahy/.m2/repository/org/bouncycastle/bcpkix-jdk15on/1.69/bcpkix-jdk15on-1.69.jar:/Users/kawtarmahy/.m2/repository/org/bouncycastle/bcprov-jdk15on/1.69/bcprov-jdk15on-1.69.jar:/Users/kawtarmahy/.m2/repository/org/bouncycastle/bcutil-jdk15on/1.69/bcutil-jdk15on-1.69.jar:/Users/kawtarmahy/.m2/repository/org/springframework/cloud/spring-cloud-config-client/4.0.3/spring-cloud-config-client-4.0.3.jar:/Users/kawtarmahy/.m2/repository/com/fasterxml/jackson/core/jackson-annotations/2.15.2/jackson-annotations-2.15.2.jar:/Users/kawtarmahy/.m2/repository/org/apache/httpcomponents/client5/httpclient5/5.2.1/httpclient5-5.2.1.jar:/Users/kawtarmahy/.m2/repository/org/apache/httpcomponents/core5/httpcore5/5.2.2/httpcore5-5.2.2.jar:/Users/kawtarmahy/.m2/repository/org/apache/httpcomponents/core5/httpcore5-h2/5.2.2/httpcore5-h2-5.2.2.jar:/Users/kawtarmahy/.m2/repository/com/fasterxml/jackson/core/jackson-databind/2.15.2/jackson-databind-2.15.2.jar:/Users/kawtarmahy/.m2/repository/com/fasterxml/jackson/core/jackson-core/2.15.2/jackson-core-2.15.2.jar:/Users/kawtarmahy/.m2/repository/org/springframework/cloud/spring-cloud-starter-netflix-eureka-client/4.0.2/spring-cloud-starter-netflix-eureka-client-4.0.2.jar:/Users/kawtarmahy/.m2/repository/org/springframework/cloud/spring-cloud-netflix-eureka-client/4.0.2/spring-cloud-netflix-eureka-client-4.0.2.jar:/Users/kawtarmahy/.m2/repository/com/netflix/eureka/eureka-client/2.0.0/eureka-client-2.0.0.jar:/Users/kawtarmahy/.m2/repository/com/netflix/netflix-commons/netflix-eventbus/0.3.0/netflix-eventbus-0.3.0.jar:/Users/kawtarmahy/.m2/repository/com/netflix/netflix-commons/netflix-infix/0.3.0/netflix-infix-0.3.0.jar:/Users/kawtarmahy/.m2/repository/commons-jxpath/commons-jxpath/1.3/commons-jxpath-1.3.jar:/Users/kawtarmahy/.m2/repository/joda-time/joda-time/2.3/joda-time-2.3.jar:/Users/kawtarmahy/.m2/repository/org/antlr/antlr-runtime/3.4/antlr-runtime-3.4.jar:/Users/kawtarmahy/.m2/repository/org/antlr/stringtemplate/3.2.1/stringtemplate-3.2.1.jar:/Users/kawtarmahy/.m2/repository/antlr/antlr/2.7.7/antlr-2.7.7.jar:/Users/kawtarmahy/.m2/repository/com/google/code/gson/gson/2.10.1/gson-2.10.1.jar:/Users/kawtarmahy/.m2/repository/org/apache/commons/commons-math/2.2/commons-math-2.2.jar:/Users/kawtarmahy/.m2/repository/com/thoughtworks/xstream/xstream/1.4.19/xstream-1.4.19.jar:/Users/kawtarmahy/.m2/repository/io/github/x-stream/mxparser/1.2.2/mxparser-1.2.2.jar:/Users/kawtarmahy/.m2/repository/xmlpull/xmlpull/1.1.3.1/xmlpull-1.1.3.1.jar:/Users/kawtarmahy/.m2/repository/jakarta/ws/rs/jakarta.ws.rs-api/3.1.0/jakarta.ws.rs-api-3.1.0.jar:/Users/kawtarmahy/.m2/repository/com/netflix/servo/servo-core/0.12.21/servo-core-0.12.21.jar:/Users/kawtarmahy/.m2/repository/com/google/guava/guava/19.0/guava-19.0.jar:/Users/kawtarmahy/.m2/repository/org/apache/httpcomponents/httpclient/4.5.3/httpclient-4.5.3.jar:/Users/kawtarmahy/.m2/repository/org/apache/httpcomponents/httpcore/4.4.16/httpcore-4.4.16.jar:/Users/kawtarmahy/.m2/repository/commons-codec/commons-codec/1.15/commons-codec-1.15.jar:/Users/kawtarmahy/.m2/repository/commons-configuration/commons-configuration/1.10/commons-configuration-1.10.jar:/Users/kawtarmahy/.m2/repository/commons-lang/commons-lang/2.6/commons-lang-2.6.jar:/Users/kawtarmahy/.m2/repository/org/codehaus/jettison/jettison/1.4.0/jettison-1.4.0.jar:/Users/kawtarmahy/.m2/repository/com/netflix/eureka/eureka-core/2.0.0/eureka-core-2.0.0.jar:/Users/kawtarmahy/.m2/repository/jakarta/servlet/jakarta.servlet-api/6.0.0/jakarta.servlet-api-6.0.0.jar:/Users/kawtarmahy/.m2/repository/com/fasterxml/woodstox/woodstox-core/6.2.1/woodstox-core-6.2.1.jar:/Users/kawtarmahy/.m2/repository/org/codehaus/woodstox/stax2-api/4.2.1/stax2-api-4.2.1.jar:/Users/kawtarmahy/.m2/repository/org/springframework/cloud/spring-cloud-starter-loadbalancer/4.0.3/spring-cloud-starter-loadbalancer-4.0.3.jar:/Users/kawtarmahy/.m2/repository/org/springframework/cloud/spring-cloud-loadbalancer/4.0.3/spring-cloud-loadbalancer-4.0.3.jar:/Users/kawtarmahy/.m2/repository/io/projectreactor/reactor-core/3.5.7/reactor-core-3.5.7.jar:/Users/kawtarmahy/.m2/repository/org/reactivestreams/reactive-streams/1.0.4/reactive-streams-1.0.4.jar:/Users/kawtarmahy/.m2/repository/io/projectreactor/addons/reactor-extra/3.5.1/reactor-extra-3.5.1.jar:/Users/kawtarmahy/.m2/repository/org/springframework/boot/spring-boot-starter-cache/3.1.1/spring-boot-starter-cache-3.1.1.jar:/Users/kawtarmahy/.m2/repository/org/springframework/spring-context-support/6.0.10/spring-context-support-6.0.10.jar:/Users/kawtarmahy/.m2/repository/com/stoyanr/evictor/1.0.0/evictor-1.0.0.jar:/Users/kawtarmahy/.m2/repository/org/springdoc/springdoc-openapi-starter-webmvc-ui/2.0.2/springdoc-openapi-starter-webmvc-ui-2.0.2.jar:/Users/kawtarmahy/.m2/repository/org/springdoc/springdoc-openapi-starter-webmvc-api/2.0.2/springdoc-openapi-starter-webmvc-api-2.0.2.jar:/Users/kawtarmahy/.m2/repository/org/springdoc/springdoc-openapi-starter-common/2.0.2/springdoc-openapi-starter-common-2.0.2.jar:/Users/kawtarmahy/.m2/repository/io/swagger/core/v3/swagger-core-jakarta/2.2.7/swagger-core-jakarta-2.2.7.jar:/Users/kawtarmahy/.m2/repository/org/apache/commons/commons-lang3/3.12.0/commons-lang3-3.12.0.jar:/Users/kawtarmahy/.m2/repository/io/swagger/core/v3/swagger-annotations-jakarta/2.2.7/swagger-annotations-jakarta-2.2.7.jar:/Users/kawtarmahy/.m2/repository/io/swagger/core/v3/swagger-models-jakarta/2.2.7/swagger-models-jakarta-2.2.7.jar:/Users/kawtarmahy/.m2/repository/com/fasterxml/jackson/dataformat/jackson-dataformat-yaml/2.15.2/jackson-dataformat-yaml-2.15.2.jar:/Users/kawtarmahy/.m2/repository/org/webjars/swagger-ui/4.15.5/swagger-ui-4.15.5.jar:/Users/kawtarmahy/.m2/repository/org/webjars/webjars-locator-core/0.52/webjars-locator-core-0.52.jar:/Users/kawtarmahy/.m2/repository/io/github/classgraph/classgraph/4.8.149/classgraph-4.8.149.jar:/Users/kawtarmahy/.m2/repository/com/simplon/FeignClient/1.0-SNAPSHOT/FeignClient-1.0-SNAPSHOT.jar:/Users/kawtarmahy/.m2/repository/org/projectlombok/lombok/1.18.28/lombok-1.18.28.jar:/Users/kawtarmahy/.m2/repository/org/springframework/boot/spring-boot-starter-test/3.1.1/spring-boot-starter-test-3.1.1.jar:/Users/kawtarmahy/.m2/repository/org/springframework/boot/spring-boot-test/3.1.1/spring-boot-test-3.1.1.jar:/Users/kawtarmahy/.m2/repository/org/springframework/boot/spring-boot-test-autoconfigure/3.1.1/spring-boot-test-autoconfigure-3.1.1.jar:/Users/kawtarmahy/.m2/repository/com/jayway/jsonpath/json-path/2.8.0/json-path-2.8.0.jar:/Users/kawtarmahy/.m2/repository/jakarta/xml/bind/jakarta.xml.bind-api/4.0.0/jakarta.xml.bind-api-4.0.0.jar:/Users/kawtarmahy/.m2/repository/jakarta/activation/jakarta.activation-api/2.1.2/jakarta.activation-api-2.1.2.jar:/Users/kawtarmahy/.m2/repository/net/minidev/json-smart/2.4.11/json-smart-2.4.11.jar:/Users/kawtarmahy/.m2/repository/net/minidev/accessors-smart/2.4.11/accessors-smart-2.4.11.jar:/Users/kawtarmahy/.m2/repository/org/ow2/asm/asm/9.3/asm-9.3.jar:/Users/kawtarmahy/.m2/repository/org/assertj/assertj-core/3.24.2/assertj-core-3.24.2.jar:/Users/kawtarmahy/.m2/repository/org/hamcrest/hamcrest/2.2/hamcrest-2.2.jar:/Users/kawtarmahy/.m2/repository/org/junit/jupiter/junit-jupiter/5.9.3/junit-jupiter-5.9.3.jar:/Users/kawtarmahy/.m2/repository/org/junit/jupiter/junit-jupiter-api/5.9.3/junit-jupiter-api-5.9.3.jar:/Users/kawtarmahy/.m2/repository/org/opentest4j/opentest4j/1.2.0/opentest4j-1.2.0.jar:/Users/kawtarmahy/.m2/repository/org/junit/platform/junit-platform-commons/1.9.3/junit-platform-commons-1.9.3.jar:/Users/kawtarmahy/.m2/repository/org/apiguardian/apiguardian-api/1.1.2/apiguardian-api-1.1.2.jar:/Users/kawtarmahy/.m2/repository/org/junit/jupiter/junit-jupiter-params/5.9.3/junit-jupiter-params-5.9.3.jar:/Users/kawtarmahy/.m2/repository/org/junit/jupiter/junit-jupiter-engine/5.9.3/junit-jupiter-engine-5.9.3.jar:/Users/kawtarmahy/.m2/repository/org/junit/platform/junit-platform-engine/1.9.3/junit-platform-engine-1.9.3.jar:/Users/kawtarmahy/.m2/repository/org/mockito/mockito-core/4.8.1/mockito-core-4.8.1.jar:/Users/kawtarmahy/.m2/repository/net/bytebuddy/byte-buddy-agent/1.14.5/byte-buddy-agent-1.14.5.jar:/Users/kawtarmahy/.m2/repository/org/objenesis/objenesis/3.2/objenesis-3.2.jar:/Users/kawtarmahy/.m2/repository/org/mockito/mockito-junit-jupiter/4.8.1/mockito-junit-jupiter-4.8.1.jar:/Users/kawtarmahy/.m2/repository/org/skyscreamer/jsonassert/1.5.1/jsonassert-1.5.1.jar:/Users/kawtarmahy/.m2/repository/com/vaadin/external/google/android-json/0.0.20131108.vaadin1/android-json-0.0.20131108.vaadin1.jar:/Users/kawtarmahy/.m2/repository/org/springframework/spring-core/6.0.10/spring-core-6.0.10.jar:/Users/kawtarmahy/.m2/repository/org/springframework/spring-jcl/6.0.10/spring-jcl-6.0.10.jar:/Users/kawtarmahy/.m2/repository/org/springframework/spring-test/6.0.10/spring-test-6.0.10.jar:/Users/kawtarmahy/.m2/repository/org/xmlunit/xmlunit-core/2.9.1/xmlunit-core-2.9.1.jar:/Users/kawtarmahy/.m2/repository/org/springframework/boot/spring-boot-starter-web/3.1.1/spring-boot-starter-web-3.1.1.jar:/Users/kawtarmahy/.m2/repository/org/springframework/boot/spring-boot-starter-json/3.1.1/spring-boot-starter-json-3.1.1.jar:/Users/kawtarmahy/.m2/repository/com/fasterxml/jackson/datatype/jackson-datatype-jdk8/2.15.2/jackson-datatype-jdk8-2.15.2.jar:/Users/kawtarmahy/.m2/repository/com/fasterxml/jackson/datatype/jackson-datatype-jsr310/2.15.2/jackson-datatype-jsr310-2.15.2.jar:/Users/kawtarmahy/.m2/repository/com/fasterxml/jackson/module/jackson-module-parameter-names/2.15.2/jackson-module-parameter-names-2.15.2.jar:/Users/kawtarmahy/.m2/repository/org/springframework/boot/spring-boot-starter-tomcat/3.1.1/spring-boot-starter-tomcat-3.1.1.jar:/Users/kawtarmahy/.m2/repository/org/apache/tomcat/embed/tomcat-embed-core/10.1.10/tomcat-embed-core-10.1.10.jar:/Users/kawtarmahy/.m2/repository/org/apache/tomcat/embed/tomcat-embed-websocket/10.1.10/tomcat-embed-websocket-10.1.10.jar:/Users/kawtarmahy/.m2/repository/org/springframework/spring-web/6.0.10/spring-web-6.0.10.jar:/Users/kawtarmahy/.m2/repository/io/micrometer/micrometer-observation/1.11.1/micrometer-observation-1.11.1.jar:/Users/kawtarmahy/.m2/repository/io/micrometer/micrometer-commons/1.11.1/micrometer-commons-1.11.1.jar:/Users/kawtarmahy/.m2/repository/org/springframework/spring-webmvc/6.0.10/spring-webmvc-6.0.10.jar:/Users/kawtarmahy/.m2/repository/org/springframework/spring-expression/6.0.10/spring-expression-6.0.10.jar:/Users/kawtarmahy/.m2/repository/org/springframework/boot/spring-boot-starter-validation/3.1.1/spring-boot-starter-validation-3.1.1.jar:/Users/kawtarmahy/.m2/repository/org/apache/tomcat/embed/tomcat-embed-el/10.1.10/tomcat-embed-el-10.1.10.jar:/Users/kawtarmahy/.m2/repository/org/hibernate/validator/hibernate-validator/8.0.0.Final/hibernate-validator-8.0.0.Final.jar:/Users/kawtarmahy/.m2/repository/jakarta/validation/jakarta.validation-api/3.0.2/jakarta.validation-api-3.0.2.jar:/Users/kawtarmahy/.m2/repository/org/springframework/cloud/spring-cloud-starter-openfeign/4.0.3/spring-cloud-starter-openfeign-4.0.3.jar:/Users/kawtarmahy/.m2/repository/org/springframework/cloud/spring-cloud-openfeign-core/4.0.3/spring-cloud-openfeign-core-4.0.3.jar:/Users/kawtarmahy/.m2/repository/io/github/openfeign/form/feign-form-spring/3.8.0/feign-form-spring-3.8.0.jar:/Users/kawtarmahy/.m2/repository/io/github/openfeign/form/feign-form/3.8.0/feign-form-3.8.0.jar:/Users/kawtarmahy/.m2/repository/commons-fileupload/commons-fileupload/1.4/commons-fileupload-1.4.jar:/Users/kawtarmahy/.m2/repository/org/springframework/cloud/spring-cloud-commons/4.0.3/spring-cloud-commons-4.0.3.jar:/Users/kawtarmahy/.m2/repository/org/springframework/security/spring-security-crypto/6.1.1/spring-security-crypto-6.1.1.jar:/Users/kawtarmahy/.m2/repository/io/github/openfeign/feign-core/12.3/feign-core-12.3.jar:/Users/kawtarmahy/.m2/repository/io/github/openfeign/feign-slf4j/12.3/feign-slf4j-12.3.jar:"/>
    <property name="sun.cpu.endian" value="little"/>
    <property name="user.home" value="/Users/kawtarmahy"/>
    <property name="user.language" value="en"/>
    <property name="java.specification.vendor" value="Oracle Corporation"/>
    <property name="java.version.date" value="2024-01-16"/>
    <property name="java.home" value="/Users/kawtarmahy/Library/Java/JavaVirtualMachines/corretto-17.0.10/Contents/Home"/>
    <property name="file.separator" value="/"/>
    <property name="basedir" value="/Users/kawtarmahy/Desktop/gc/FileRougeProject/chic-choice/VetementService"/>
    <property name="java.vm.compressedOopsMode" value="Zero based"/>
    <property name="line.separator" value="&#10;"/>
    <property name="java.vm.specification.vendor" value="Oracle Corporation"/>
    <property name="java.specification.name" value="Java Platform API Specification"/>
    <property name="surefire.real.class.path" value="/Users/kawtarmahy/Desktop/gc/FileRougeProject/chic-choice/VetementService/target/surefire/surefirebooter-20240414030903859_3.jar"/>
    <property name="sun.management.compiler" value="HotSpot 64-Bit Tiered Compilers"/>
    <property name="ftp.nonProxyHosts" value="local|*.local|169.254/16|*.169.254/16"/>
    <property name="java.runtime.version" value="17.0.10+7-LTS"/>
    <property name="user.name" value="kawtarmahy"/>
    <property name="path.separator" value=":"/>
    <property name="os.version" value="12.6.3"/>
    <property name="java.runtime.name" value="OpenJDK Runtime Environment"/>
    <property name="file.encoding" value="UTF-8"/>
    <property name="java.vm.name" value="OpenJDK 64-Bit Server VM"/>
    <property name="java.vendor.version" value="Corretto-17.0.10.7.1"/>
    <property name="localRepository" value="/Users/kawtarmahy/.m2/repository"/>
    <property name="java.vendor.url.bug" value="https://github.com/corretto/corretto-17/issues/"/>
    <property name="java.io.tmpdir" value="/var/folders/rv/hhjshr5j4sxbx9j4l8b8hc3h0000gn/T/"/>
    <property name="idea.version" value="2024.1"/>
    <property name="java.version" value="17.0.10"/>
    <property name="user.dir" value="/Users/kawtarmahy/Desktop/gc/FileRougeProject/chic-choice/VetementService"/>
    <property name="os.arch" value="x86_64"/>
    <property name="java.vm.specification.name" value="Java Virtual Machine Specification"/>
    <property name="native.encoding" value="UTF-8"/>
    <property name="java.library.path" value="/Users/kawtarmahy/Library/Java/Extensions:/Library/Java/Extensions:/Network/Library/Java/Extensions:/System/Library/Java/Extensions:/usr/lib/java:."/>
    <property name="java.vm.info" value="mixed mode, sharing"/>
    <property name="java.vendor" value="Amazon.com Inc."/>
    <property name="java.vm.version" value="17.0.10+7-LTS"/>
    <property name="sun.io.unicode.encoding" value="UnicodeBig"/>
    <property name="socksNonProxyHosts" value="local|*.local|169.254/16|*.169.254/16"/>
    <property name="java.class.version" value="61.0"/>
  </properties>
  <testcase name="ajouterUnVetementAUnEnsemble_EnsembleOuVetementNonExistant_ThrowResourceNotFoundException" classname="org.chicchoice.vetementservice.services.impl.EnsembleServiceTest" time="2.084">
    <system-out><![CDATA[03:09:08.110 [main] ERROR org.chicchoice.vetementservice.services.impl.EnsembleService -- Vetement ou ensemble n existe pas avec cet ID
]]></system-out>
  </testcase>
  <testcase name="testGetEnsemblesByUserIDSuccess" classname="org.chicchoice.vetementservice.services.impl.EnsembleServiceTest" time="0.044">
    <system-out><![CDATA[03:09:08.161 [main] INFO org.chicchoice.vetementservice.services.impl.EnsembleService -- recuperation des ensembles avec userID :1
]]></system-out>
  </testcase>
  <testcase name="testGetEnsemblesByUserIDEmptyResult" classname="org.chicchoice.vetementservice.services.impl.EnsembleServiceTest" time="0.01">
    <system-out><![CDATA[03:09:08.200 [main] INFO org.chicchoice.vetementservice.services.impl.EnsembleService -- recuperation des ensembles avec userID :1
]]></system-out>
  </testcase>
  <testcase name="testGetAllEnsemblesGeneralException" classname="org.chicchoice.vetementservice.services.impl.EnsembleServiceTest" time="0.019">
    <system-out><![CDATA[03:09:08.219 [main] ERROR org.chicchoice.vetementservice.services.impl.EnsembleService -- Erreur lors de la recuperaion de la liste des ensemble
java.lang.RuntimeException: null
	at org.chicchoice.vetementservice.services.impl.EnsembleService.getAllEnsembles(EnsembleService.java:179)
	at org.chicchoice.vetementservice.services.impl.EnsembleServiceTest.lambda$testGetAllEnsemblesGeneralException$4(EnsembleServiceTest.java:149)
	at org.junit.jupiter.api.AssertThrows.assertThrows(AssertThrows.java:53)
	at org.junit.jupiter.api.AssertThrows.assertThrows(AssertThrows.java:35)
	at org.junit.jupiter.api.Assertions.assertThrows(Assertions.java:3083)
	at org.chicchoice.vetementservice.services.impl.EnsembleServiceTest.testGetAllEnsemblesGeneralException(EnsembleServiceTest.java:149)
	at java.base/jdk.internal.reflect.NativeMethodAccessorImpl.invoke0(Native Method)
	at java.base/jdk.internal.reflect.NativeMethodAccessorImpl.invoke(NativeMethodAccessorImpl.java:77)
	at java.base/jdk.internal.reflect.DelegatingMethodAccessorImpl.invoke(DelegatingMethodAccessorImpl.java:43)
	at java.base/java.lang.reflect.Method.invoke(Method.java:568)
	at org.junit.platform.commons.util.ReflectionUtils.invokeMethod(ReflectionUtils.java:727)
	at org.junit.jupiter.engine.execution.MethodInvocation.proceed(MethodInvocation.java:60)
	at org.junit.jupiter.engine.execution.InvocationInterceptorChain$ValidatingInvocation.proceed(InvocationInterceptorChain.java:131)
	at org.junit.jupiter.engine.extension.TimeoutExtension.intercept(TimeoutExtension.java:156)
	at org.junit.jupiter.engine.extension.TimeoutExtension.interceptTestableMethod(TimeoutExtension.java:147)
	at org.junit.jupiter.engine.extension.TimeoutExtension.interceptTestMethod(TimeoutExtension.java:86)
	at org.junit.jupiter.engine.execution.InterceptingExecutableInvoker$ReflectiveInterceptorCall.lambda$ofVoidMethod$0(InterceptingExecutableInvoker.java:103)
	at org.junit.jupiter.engine.execution.InterceptingExecutableInvoker.lambda$invoke$0(InterceptingExecutableInvoker.java:93)
	at org.junit.jupiter.engine.execution.InvocationInterceptorChain$InterceptedInvocation.proceed(InvocationInterceptorChain.java:106)
	at org.junit.jupiter.engine.execution.InvocationInterceptorChain.proceed(InvocationInterceptorChain.java:64)
	at org.junit.jupiter.engine.execution.InvocationInterceptorChain.chainAndInvoke(InvocationInterceptorChain.java:45)
	at org.junit.jupiter.engine.execution.InvocationInterceptorChain.invoke(InvocationInterceptorChain.java:37)
	at org.junit.jupiter.engine.execution.InterceptingExecutableInvoker.invoke(InterceptingExecutableInvoker.java:92)
	at org.junit.jupiter.engine.execution.InterceptingExecutableInvoker.invoke(InterceptingExecutableInvoker.java:86)
	at org.junit.jupiter.engine.descriptor.TestMethodTestDescriptor.lambda$invokeTestMethod$7(TestMethodTestDescriptor.java:217)
	at org.junit.platform.engine.support.hierarchical.ThrowableCollector.execute(ThrowableCollector.java:73)
	at org.junit.jupiter.engine.descriptor.TestMethodTestDescriptor.invokeTestMethod(TestMethodTestDescriptor.java:213)
	at org.junit.jupiter.engine.descriptor.TestMethodTestDescriptor.execute(TestMethodTestDescriptor.java:138)
	at org.junit.jupiter.engine.descriptor.TestMethodTestDescriptor.execute(TestMethodTestDescriptor.java:68)
	at org.junit.platform.engine.support.hierarchical.NodeTestTask.lambda$executeRecursively$6(NodeTestTask.java:151)
	at org.junit.platform.engine.support.hierarchical.ThrowableCollector.execute(ThrowableCollector.java:73)
	at org.junit.platform.engine.support.hierarchical.NodeTestTask.lambda$executeRecursively$8(NodeTestTask.java:141)
	at org.junit.platform.engine.support.hierarchical.Node.around(Node.java:137)
	at org.junit.platform.engine.support.hierarchical.NodeTestTask.lambda$executeRecursively$9(NodeTestTask.java:139)
	at org.junit.platform.engine.support.hierarchical.ThrowableCollector.execute(ThrowableCollector.java:73)
	at org.junit.platform.engine.support.hierarchical.NodeTestTask.executeRecursively(NodeTestTask.java:138)
	at org.junit.platform.engine.support.hierarchical.NodeTestTask.execute(NodeTestTask.java:95)
	at java.base/java.util.ArrayList.forEach(ArrayList.java:1511)
	at org.junit.platform.engine.support.hierarchical.SameThreadHierarchicalTestExecutorService.invokeAll(SameThreadHierarchicalTestExecutorService.java:41)
	at org.junit.platform.engine.support.hierarchical.NodeTestTask.lambda$executeRecursively$6(NodeTestTask.java:155)
	at org.junit.platform.engine.support.hierarchical.ThrowableCollector.execute(ThrowableCollector.java:73)
	at org.junit.platform.engine.support.hierarchical.NodeTestTask.lambda$executeRecursively$8(NodeTestTask.java:141)
	at org.junit.platform.engine.support.hierarchical.Node.around(Node.java:137)
	at org.junit.platform.engine.support.hierarchical.NodeTestTask.lambda$executeRecursively$9(NodeTestTask.java:139)
	at org.junit.platform.engine.support.hierarchical.ThrowableCollector.execute(ThrowableCollector.java:73)
	at org.junit.platform.engine.support.hierarchical.NodeTestTask.executeRecursively(NodeTestTask.java:138)
	at org.junit.platform.engine.support.hierarchical.NodeTestTask.execute(NodeTestTask.java:95)
	at java.base/java.util.ArrayList.forEach(ArrayList.java:1511)
	at org.junit.platform.engine.support.hierarchical.SameThreadHierarchicalTestExecutorService.invokeAll(SameThreadHierarchicalTestExecutorService.java:41)
	at org.junit.platform.engine.support.hierarchical.NodeTestTask.lambda$executeRecursively$6(NodeTestTask.java:155)
	at org.junit.platform.engine.support.hierarchical.ThrowableCollector.execute(ThrowableCollector.java:73)
	at org.junit.platform.engine.support.hierarchical.NodeTestTask.lambda$executeRecursively$8(NodeTestTask.java:141)
	at org.junit.platform.engine.support.hierarchical.Node.around(Node.java:137)
	at org.junit.platform.engine.support.hierarchical.NodeTestTask.lambda$executeRecursively$9(NodeTestTask.java:139)
	at org.junit.platform.engine.support.hierarchical.ThrowableCollector.execute(ThrowableCollector.java:73)
	at org.junit.platform.engine.support.hierarchical.NodeTestTask.executeRecursively(NodeTestTask.java:138)
	at org.junit.platform.engine.support.hierarchical.NodeTestTask.execute(NodeTestTask.java:95)
	at org.junit.platform.engine.support.hierarchical.SameThreadHierarchicalTestExecutorService.submit(SameThreadHierarchicalTestExecutorService.java:35)
	at org.junit.platform.engine.support.hierarchical.HierarchicalTestExecutor.execute(HierarchicalTestExecutor.java:57)
	at org.junit.platform.engine.support.hierarchical.HierarchicalTestEngine.execute(HierarchicalTestEngine.java:54)
	at org.junit.platform.launcher.core.EngineExecutionOrchestrator.execute(EngineExecutionOrchestrator.java:147)
	at org.junit.platform.launcher.core.EngineExecutionOrchestrator.execute(EngineExecutionOrchestrator.java:127)
	at org.junit.platform.launcher.core.EngineExecutionOrchestrator.execute(EngineExecutionOrchestrator.java:90)
	at org.junit.platform.launcher.core.EngineExecutionOrchestrator.lambda$execute$0(EngineExecutionOrchestrator.java:55)
	at org.junit.platform.launcher.core.EngineExecutionOrchestrator.withInterceptedStreams(EngineExecutionOrchestrator.java:102)
	at org.junit.platform.launcher.core.EngineExecutionOrchestrator.execute(EngineExecutionOrchestrator.java:54)
	at org.junit.platform.launcher.core.DefaultLauncher.execute(DefaultLauncher.java:114)
	at org.junit.platform.launcher.core.DefaultLauncher.execute(DefaultLauncher.java:86)
	at org.junit.platform.launcher.core.DefaultLauncherSession$DelegatingLauncher.execute(DefaultLauncherSession.java:86)
	at org.apache.maven.surefire.junitplatform.LazyLauncher.execute(LazyLauncher.java:56)
	at org.apache.maven.surefire.junitplatform.JUnitPlatformProvider.execute(JUnitPlatformProvider.java:184)
	at org.apache.maven.surefire.junitplatform.JUnitPlatformProvider.invokeAllTests(JUnitPlatformProvider.java:148)
	at org.apache.maven.surefire.junitplatform.JUnitPlatformProvider.invoke(JUnitPlatformProvider.java:122)
	at org.apache.maven.surefire.booter.ForkedBooter.runSuitesInProcess(ForkedBooter.java:385)
	at org.apache.maven.surefire.booter.ForkedBooter.execute(ForkedBooter.java:162)
	at org.apache.maven.surefire.booter.ForkedBooter.run(ForkedBooter.java:507)
	at org.apache.maven.surefire.booter.ForkedBooter.main(ForkedBooter.java:495)
]]></system-out>
  </testcase>
  <testcase name="testGetAllEnsemblesSuccess" classname="org.chicchoice.vetementservice.services.impl.EnsembleServiceTest" time="0.009">
    <system-out><![CDATA[03:09:08.237 [main] INFO org.chicchoice.vetementservice.services.impl.EnsembleService -- list des ensembles recuperer avec succees
]]></system-out>
  </testcase>
  <testcase name="creerEtAjouterUnEnsemble_Failure" classname="org.chicchoice.vetementservice.services.impl.EnsembleServiceTest" time="0.016">
    <system-out><![CDATA[03:09:08.256 [main] ERROR org.chicchoice.vetementservice.services.impl.EnsembleService -- Erreur lors de la creation et de l ajout de l ensemble
java.lang.RuntimeException: null
	at org.chicchoice.vetementservice.services.impl.EnsembleService.creerEtAjouterUnEnsemble(EnsembleService.java:161)
	at org.chicchoice.vetementservice.services.impl.EnsembleServiceTest.lambda$creerEtAjouterUnEnsemble_Failure$3(EnsembleServiceTest.java:129)
	at org.junit.jupiter.api.AssertThrows.assertThrows(AssertThrows.java:53)
	at org.junit.jupiter.api.AssertThrows.assertThrows(AssertThrows.java:35)
	at org.junit.jupiter.api.Assertions.assertThrows(Assertions.java:3083)
	at org.chicchoice.vetementservice.services.impl.EnsembleServiceTest.creerEtAjouterUnEnsemble_Failure(EnsembleServiceTest.java:129)
	at java.base/jdk.internal.reflect.NativeMethodAccessorImpl.invoke0(Native Method)
	at java.base/jdk.internal.reflect.NativeMethodAccessorImpl.invoke(NativeMethodAccessorImpl.java:77)
	at java.base/jdk.internal.reflect.DelegatingMethodAccessorImpl.invoke(DelegatingMethodAccessorImpl.java:43)
	at java.base/java.lang.reflect.Method.invoke(Method.java:568)
	at org.junit.platform.commons.util.ReflectionUtils.invokeMethod(ReflectionUtils.java:727)
	at org.junit.jupiter.engine.execution.MethodInvocation.proceed(MethodInvocation.java:60)
	at org.junit.jupiter.engine.execution.InvocationInterceptorChain$ValidatingInvocation.proceed(InvocationInterceptorChain.java:131)
	at org.junit.jupiter.engine.extension.TimeoutExtension.intercept(TimeoutExtension.java:156)
	at org.junit.jupiter.engine.extension.TimeoutExtension.interceptTestableMethod(TimeoutExtension.java:147)
	at org.junit.jupiter.engine.extension.TimeoutExtension.interceptTestMethod(TimeoutExtension.java:86)
	at org.junit.jupiter.engine.execution.InterceptingExecutableInvoker$ReflectiveInterceptorCall.lambda$ofVoidMethod$0(InterceptingExecutableInvoker.java:103)
	at org.junit.jupiter.engine.execution.InterceptingExecutableInvoker.lambda$invoke$0(InterceptingExecutableInvoker.java:93)
	at org.junit.jupiter.engine.execution.InvocationInterceptorChain$InterceptedInvocation.proceed(InvocationInterceptorChain.java:106)
	at org.junit.jupiter.engine.execution.InvocationInterceptorChain.proceed(InvocationInterceptorChain.java:64)
	at org.junit.jupiter.engine.execution.InvocationInterceptorChain.chainAndInvoke(InvocationInterceptorChain.java:45)
	at org.junit.jupiter.engine.execution.InvocationInterceptorChain.invoke(InvocationInterceptorChain.java:37)
	at org.junit.jupiter.engine.execution.InterceptingExecutableInvoker.invoke(InterceptingExecutableInvoker.java:92)
	at org.junit.jupiter.engine.execution.InterceptingExecutableInvoker.invoke(InterceptingExecutableInvoker.java:86)
	at org.junit.jupiter.engine.descriptor.TestMethodTestDescriptor.lambda$invokeTestMethod$7(TestMethodTestDescriptor.java:217)
	at org.junit.platform.engine.support.hierarchical.ThrowableCollector.execute(ThrowableCollector.java:73)
	at org.junit.jupiter.engine.descriptor.TestMethodTestDescriptor.invokeTestMethod(TestMethodTestDescriptor.java:213)
	at org.junit.jupiter.engine.descriptor.TestMethodTestDescriptor.execute(TestMethodTestDescriptor.java:138)
	at org.junit.jupiter.engine.descriptor.TestMethodTestDescriptor.execute(TestMethodTestDescriptor.java:68)
	at org.junit.platform.engine.support.hierarchical.NodeTestTask.lambda$executeRecursively$6(NodeTestTask.java:151)
	at org.junit.platform.engine.support.hierarchical.ThrowableCollector.execute(ThrowableCollector.java:73)
	at org.junit.platform.engine.support.hierarchical.NodeTestTask.lambda$executeRecursively$8(NodeTestTask.java:141)
	at org.junit.platform.engine.support.hierarchical.Node.around(Node.java:137)
	at org.junit.platform.engine.support.hierarchical.NodeTestTask.lambda$executeRecursively$9(NodeTestTask.java:139)
	at org.junit.platform.engine.support.hierarchical.ThrowableCollector.execute(ThrowableCollector.java:73)
	at org.junit.platform.engine.support.hierarchical.NodeTestTask.executeRecursively(NodeTestTask.java:138)
	at org.junit.platform.engine.support.hierarchical.NodeTestTask.execute(NodeTestTask.java:95)
	at java.base/java.util.ArrayList.forEach(ArrayList.java:1511)
	at org.junit.platform.engine.support.hierarchical.SameThreadHierarchicalTestExecutorService.invokeAll(SameThreadHierarchicalTestExecutorService.java:41)
	at org.junit.platform.engine.support.hierarchical.NodeTestTask.lambda$executeRecursively$6(NodeTestTask.java:155)
	at org.junit.platform.engine.support.hierarchical.ThrowableCollector.execute(ThrowableCollector.java:73)
	at org.junit.platform.engine.support.hierarchical.NodeTestTask.lambda$executeRecursively$8(NodeTestTask.java:141)
	at org.junit.platform.engine.support.hierarchical.Node.around(Node.java:137)
	at org.junit.platform.engine.support.hierarchical.NodeTestTask.lambda$executeRecursively$9(NodeTestTask.java:139)
	at org.junit.platform.engine.support.hierarchical.ThrowableCollector.execute(ThrowableCollector.java:73)
	at org.junit.platform.engine.support.hierarchical.NodeTestTask.executeRecursively(NodeTestTask.java:138)
	at org.junit.platform.engine.support.hierarchical.NodeTestTask.execute(NodeTestTask.java:95)
	at java.base/java.util.ArrayList.forEach(ArrayList.java:1511)
	at org.junit.platform.engine.support.hierarchical.SameThreadHierarchicalTestExecutorService.invokeAll(SameThreadHierarchicalTestExecutorService.java:41)
	at org.junit.platform.engine.support.hierarchical.NodeTestTask.lambda$executeRecursively$6(NodeTestTask.java:155)
	at org.junit.platform.engine.support.hierarchical.ThrowableCollector.execute(ThrowableCollector.java:73)
	at org.junit.platform.engine.support.hierarchical.NodeTestTask.lambda$executeRecursively$8(NodeTestTask.java:141)
	at org.junit.platform.engine.support.hierarchical.Node.around(Node.java:137)
	at org.junit.platform.engine.support.hierarchical.NodeTestTask.lambda$executeRecursively$9(NodeTestTask.java:139)
	at org.junit.platform.engine.support.hierarchical.ThrowableCollector.execute(ThrowableCollector.java:73)
	at org.junit.platform.engine.support.hierarchical.NodeTestTask.executeRecursively(NodeTestTask.java:138)
	at org.junit.platform.engine.support.hierarchical.NodeTestTask.execute(NodeTestTask.java:95)
	at org.junit.platform.engine.support.hierarchical.SameThreadHierarchicalTestExecutorService.submit(SameThreadHierarchicalTestExecutorService.java:35)
	at org.junit.platform.engine.support.hierarchical.HierarchicalTestExecutor.execute(HierarchicalTestExecutor.java:57)
	at org.junit.platform.engine.support.hierarchical.HierarchicalTestEngine.execute(HierarchicalTestEngine.java:54)
	at org.junit.platform.launcher.core.EngineExecutionOrchestrator.execute(EngineExecutionOrchestrator.java:147)
	at org.junit.platform.launcher.core.EngineExecutionOrchestrator.execute(EngineExecutionOrchestrator.java:127)
	at org.junit.platform.launcher.core.EngineExecutionOrchestrator.execute(EngineExecutionOrchestrator.java:90)
	at org.junit.platform.launcher.core.EngineExecutionOrchestrator.lambda$execute$0(EngineExecutionOrchestrator.java:55)
	at org.junit.platform.launcher.core.EngineExecutionOrchestrator.withInterceptedStreams(EngineExecutionOrchestrator.java:102)
	at org.junit.platform.launcher.core.EngineExecutionOrchestrator.execute(EngineExecutionOrchestrator.java:54)
	at org.junit.platform.launcher.core.DefaultLauncher.execute(DefaultLauncher.java:114)
	at org.junit.platform.launcher.core.DefaultLauncher.execute(DefaultLauncher.java:86)
	at org.junit.platform.launcher.core.DefaultLauncherSession$DelegatingLauncher.execute(DefaultLauncherSession.java:86)
	at org.apache.maven.surefire.junitplatform.LazyLauncher.execute(LazyLauncher.java:56)
	at org.apache.maven.surefire.junitplatform.JUnitPlatformProvider.execute(JUnitPlatformProvider.java:184)
	at org.apache.maven.surefire.junitplatform.JUnitPlatformProvider.invokeAllTests(JUnitPlatformProvider.java:148)
	at org.apache.maven.surefire.junitplatform.JUnitPlatformProvider.invoke(JUnitPlatformProvider.java:122)
	at org.apache.maven.surefire.booter.ForkedBooter.runSuitesInProcess(ForkedBooter.java:385)
	at org.apache.maven.surefire.booter.ForkedBooter.execute(ForkedBooter.java:162)
	at org.apache.maven.surefire.booter.ForkedBooter.run(ForkedBooter.java:507)
	at org.apache.maven.surefire.booter.ForkedBooter.main(ForkedBooter.java:495)
]]></system-out>
  </testcase>
  <testcase name="testGetEnsemblesByUserIDGeneralException" classname="org.chicchoice.vetementservice.services.impl.EnsembleServiceTest" time="0.01">
    <system-out><![CDATA[03:09:08.272 [main] ERROR org.chicchoice.vetementservice.services.impl.EnsembleService -- Erreur lors de la recuperaion de la liste des ensemble
java.lang.RuntimeException: null
	at org.chicchoice.vetementservice.services.impl.EnsembleService.getEnsemblesByUserID(EnsembleService.java:191)
	at org.chicchoice.vetementservice.services.impl.EnsembleServiceTest.lambda$testGetEnsemblesByUserIDGeneralException$5(EnsembleServiceTest.java:185)
	at org.junit.jupiter.api.AssertThrows.assertThrows(AssertThrows.java:53)
	at org.junit.jupiter.api.AssertThrows.assertThrows(AssertThrows.java:35)
	at org.junit.jupiter.api.Assertions.assertThrows(Assertions.java:3083)
	at org.chicchoice.vetementservice.services.impl.EnsembleServiceTest.testGetEnsemblesByUserIDGeneralException(EnsembleServiceTest.java:185)
	at java.base/jdk.internal.reflect.NativeMethodAccessorImpl.invoke0(Native Method)
	at java.base/jdk.internal.reflect.NativeMethodAccessorImpl.invoke(NativeMethodAccessorImpl.java:77)
	at java.base/jdk.internal.reflect.DelegatingMethodAccessorImpl.invoke(DelegatingMethodAccessorImpl.java:43)
	at java.base/java.lang.reflect.Method.invoke(Method.java:568)
	at org.junit.platform.commons.util.ReflectionUtils.invokeMethod(ReflectionUtils.java:727)
	at org.junit.jupiter.engine.execution.MethodInvocation.proceed(MethodInvocation.java:60)
	at org.junit.jupiter.engine.execution.InvocationInterceptorChain$ValidatingInvocation.proceed(InvocationInterceptorChain.java:131)
	at org.junit.jupiter.engine.extension.TimeoutExtension.intercept(TimeoutExtension.java:156)
	at org.junit.jupiter.engine.extension.TimeoutExtension.interceptTestableMethod(TimeoutExtension.java:147)
	at org.junit.jupiter.engine.extension.TimeoutExtension.interceptTestMethod(TimeoutExtension.java:86)
	at org.junit.jupiter.engine.execution.InterceptingExecutableInvoker$ReflectiveInterceptorCall.lambda$ofVoidMethod$0(InterceptingExecutableInvoker.java:103)
	at org.junit.jupiter.engine.execution.InterceptingExecutableInvoker.lambda$invoke$0(InterceptingExecutableInvoker.java:93)
	at org.junit.jupiter.engine.execution.InvocationInterceptorChain$InterceptedInvocation.proceed(InvocationInterceptorChain.java:106)
	at org.junit.jupiter.engine.execution.InvocationInterceptorChain.proceed(InvocationInterceptorChain.java:64)
	at org.junit.jupiter.engine.execution.InvocationInterceptorChain.chainAndInvoke(InvocationInterceptorChain.java:45)
	at org.junit.jupiter.engine.execution.InvocationInterceptorChain.invoke(InvocationInterceptorChain.java:37)
	at org.junit.jupiter.engine.execution.InterceptingExecutableInvoker.invoke(InterceptingExecutableInvoker.java:92)
	at org.junit.jupiter.engine.execution.InterceptingExecutableInvoker.invoke(InterceptingExecutableInvoker.java:86)
	at org.junit.jupiter.engine.descriptor.TestMethodTestDescriptor.lambda$invokeTestMethod$7(TestMethodTestDescriptor.java:217)
	at org.junit.platform.engine.support.hierarchical.ThrowableCollector.execute(ThrowableCollector.java:73)
	at org.junit.jupiter.engine.descriptor.TestMethodTestDescriptor.invokeTestMethod(TestMethodTestDescriptor.java:213)
	at org.junit.jupiter.engine.descriptor.TestMethodTestDescriptor.execute(TestMethodTestDescriptor.java:138)
	at org.junit.jupiter.engine.descriptor.TestMethodTestDescriptor.execute(TestMethodTestDescriptor.java:68)
	at org.junit.platform.engine.support.hierarchical.NodeTestTask.lambda$executeRecursively$6(NodeTestTask.java:151)
	at org.junit.platform.engine.support.hierarchical.ThrowableCollector.execute(ThrowableCollector.java:73)
	at org.junit.platform.engine.support.hierarchical.NodeTestTask.lambda$executeRecursively$8(NodeTestTask.java:141)
	at org.junit.platform.engine.support.hierarchical.Node.around(Node.java:137)
	at org.junit.platform.engine.support.hierarchical.NodeTestTask.lambda$executeRecursively$9(NodeTestTask.java:139)
	at org.junit.platform.engine.support.hierarchical.ThrowableCollector.execute(ThrowableCollector.java:73)
	at org.junit.platform.engine.support.hierarchical.NodeTestTask.executeRecursively(NodeTestTask.java:138)
	at org.junit.platform.engine.support.hierarchical.NodeTestTask.execute(NodeTestTask.java:95)
	at java.base/java.util.ArrayList.forEach(ArrayList.java:1511)
	at org.junit.platform.engine.support.hierarchical.SameThreadHierarchicalTestExecutorService.invokeAll(SameThreadHierarchicalTestExecutorService.java:41)
	at org.junit.platform.engine.support.hierarchical.NodeTestTask.lambda$executeRecursively$6(NodeTestTask.java:155)
	at org.junit.platform.engine.support.hierarchical.ThrowableCollector.execute(ThrowableCollector.java:73)
	at org.junit.platform.engine.support.hierarchical.NodeTestTask.lambda$executeRecursively$8(NodeTestTask.java:141)
	at org.junit.platform.engine.support.hierarchical.Node.around(Node.java:137)
	at org.junit.platform.engine.support.hierarchical.NodeTestTask.lambda$executeRecursively$9(NodeTestTask.java:139)
	at org.junit.platform.engine.support.hierarchical.ThrowableCollector.execute(ThrowableCollector.java:73)
	at org.junit.platform.engine.support.hierarchical.NodeTestTask.executeRecursively(NodeTestTask.java:138)
	at org.junit.platform.engine.support.hierarchical.NodeTestTask.execute(NodeTestTask.java:95)
	at java.base/java.util.ArrayList.forEach(ArrayList.java:1511)
	at org.junit.platform.engine.support.hierarchical.SameThreadHierarchicalTestExecutorService.invokeAll(SameThreadHierarchicalTestExecutorService.java:41)
	at org.junit.platform.engine.support.hierarchical.NodeTestTask.lambda$executeRecursively$6(NodeTestTask.java:155)
	at org.junit.platform.engine.support.hierarchical.ThrowableCollector.execute(ThrowableCollector.java:73)
	at org.junit.platform.engine.support.hierarchical.NodeTestTask.lambda$executeRecursively$8(NodeTestTask.java:141)
	at org.junit.platform.engine.support.hierarchical.Node.around(Node.java:137)
	at org.junit.platform.engine.support.hierarchical.NodeTestTask.lambda$executeRecursively$9(NodeTestTask.java:139)
	at org.junit.platform.engine.support.hierarchical.ThrowableCollector.execute(ThrowableCollector.java:73)
	at org.junit.platform.engine.support.hierarchical.NodeTestTask.executeRecursively(NodeTestTask.java:138)
	at org.junit.platform.engine.support.hierarchical.NodeTestTask.execute(NodeTestTask.java:95)
	at org.junit.platform.engine.support.hierarchical.SameThreadHierarchicalTestExecutorService.submit(SameThreadHierarchicalTestExecutorService.java:35)
	at org.junit.platform.engine.support.hierarchical.HierarchicalTestExecutor.execute(HierarchicalTestExecutor.java:57)
	at org.junit.platform.engine.support.hierarchical.HierarchicalTestEngine.execute(HierarchicalTestEngine.java:54)
	at org.junit.platform.launcher.core.EngineExecutionOrchestrator.execute(EngineExecutionOrchestrator.java:147)
	at org.junit.platform.launcher.core.EngineExecutionOrchestrator.execute(EngineExecutionOrchestrator.java:127)
	at org.junit.platform.launcher.core.EngineExecutionOrchestrator.execute(EngineExecutionOrchestrator.java:90)
	at org.junit.platform.launcher.core.EngineExecutionOrchestrator.lambda$execute$0(EngineExecutionOrchestrator.java:55)
	at org.junit.platform.launcher.core.EngineExecutionOrchestrator.withInterceptedStreams(EngineExecutionOrchestrator.java:102)
	at org.junit.platform.launcher.core.EngineExecutionOrchestrator.execute(EngineExecutionOrchestrator.java:54)
	at org.junit.platform.launcher.core.DefaultLauncher.execute(DefaultLauncher.java:114)
	at org.junit.platform.launcher.core.DefaultLauncher.execute(DefaultLauncher.java:86)
	at org.junit.platform.launcher.core.DefaultLauncherSession$DelegatingLauncher.execute(DefaultLauncherSession.java:86)
	at org.apache.maven.surefire.junitplatform.LazyLauncher.execute(LazyLauncher.java:56)
	at org.apache.maven.surefire.junitplatform.JUnitPlatformProvider.execute(JUnitPlatformProvider.java:184)
	at org.apache.maven.surefire.junitplatform.JUnitPlatformProvider.invokeAllTests(JUnitPlatformProvider.java:148)
	at org.apache.maven.surefire.junitplatform.JUnitPlatformProvider.invoke(JUnitPlatformProvider.java:122)
	at org.apache.maven.surefire.booter.ForkedBooter.runSuitesInProcess(ForkedBooter.java:385)
	at org.apache.maven.surefire.booter.ForkedBooter.execute(ForkedBooter.java:162)
	at org.apache.maven.surefire.booter.ForkedBooter.run(ForkedBooter.java:507)
	at org.apache.maven.surefire.booter.ForkedBooter.main(ForkedBooter.java:495)
]]></system-out>
  </testcase>
  <testcase name="marquerUnEnsembleCommeFavori_EnsembleInexistant_ThrowResourceNotFoundException" classname="org.chicchoice.vetementservice.services.impl.EnsembleServiceTest" time="0.008">
    <system-out><![CDATA[03:09:08.285 [main] ERROR org.chicchoice.vetementservice.services.impl.EnsembleService -- Ensemble non trouvé avec cet ID : 1
03:09:08.287 [main] ERROR org.chicchoice.vetementservice.services.impl.EnsembleService -- Erreur lors du marquage de l ensemble comme favori : Ensemble not found with the given input data avec cet ID n'existe pas : '1'
]]></system-out>
  </testcase>
  <testcase name="marquerUnEnsembleCommeFavori_EnsembleExistant_VerifyEnsembleMarkedAsFavorite" classname="org.chicchoice.vetementservice.services.impl.EnsembleServiceTest" time="0.007">
    <system-out><![CDATA[03:09:08.297 [main] INFO org.chicchoice.vetementservice.services.impl.EnsembleService -- ensemble marque comme favoris  : 1
]]></system-out>
  </testcase>
  <testcase name="ajouterUnVetementAUnEnsemble_VetementNonDansEnsemble_VerifyVetementAdded" classname="org.chicchoice.vetementservice.services.impl.EnsembleServiceTest" time="0.01">
    <system-out><![CDATA[03:09:08.310 [main] INFO org.chicchoice.vetementservice.services.impl.EnsembleService -- vetement ajouter  avec succes a cet ensemble: 1
]]></system-out>
  </testcase>
  <testcase name="testCreerEtAjouterUnEnsembleSuccess" classname="org.chicchoice.vetementservice.services.impl.EnsembleServiceTest" time="0.013">
    <system-out><![CDATA[03:09:08.321 [main] INFO org.chicchoice.vetementservice.services.impl.EnsembleService -- ensemble ajouter avec succes
]]></system-out>
  </testcase>
  <testcase name="ajouterUnVetementAUnEnsemble_VetementDansEnsemble_ThrowVetementAlreadyExistsException" classname="org.chicchoice.vetementservice.services.impl.EnsembleServiceTest" time="0.006">
    <system-out><![CDATA[03:09:08.339 [main] ERROR org.chicchoice.vetementservice.services.impl.EnsembleService -- Vetement avec cet id : 1 exist deja dans L'ensemble
]]></system-out>
  </testcase>
</testsuite>